= Host information =============================================================
$> hostname; uname -msr
e2r12p10.42.fr
Darwin 13.0.0 x86_64

$> date
Tue Sep  9 17:41:57 CEST 2014

$> gcc --version
gcc (GCC) 4.9.0 20131215 (experimental)
Copyright (C) 2013 Free Software Foundation, Inc.
This is free software; see the source for copying conditions.  There is NO
warranty; not even for MERCHANTABILITY or FITNESS FOR A PARTICULAR PURPOSE.

$> clang --version
Apple LLVM version 5.0 (clang-500.2.79) (based on LLVM 3.3svn)
Target: x86_64-apple-darwin13.0.0
Thread model: posix

= ex00 =========================================================================
total 8
-rw-r--r--  1 nobody  wheel  1381 Sep  9 17:41 Makefile
drwxr-xr-x  3 nobody  wheel   102 Aug 25 11:21 includes
drwxr-xr-x  7 nobody  wheel   238 Aug 25 11:21 srcs
/bin/rm -f ft_putchar.o ft_putstr.o ft_strcmp.o ft_strlen.o ft_swap.o
gcc -Wall -Wextra -Werror -c srcs/ft_putchar.c srcs/ft_putstr.c srcs/ft_strcmp.c srcs/ft_strlen.c srcs/ft_swap.c includes/ft_lib.h
gcc: error: includes/ft_lib.h: No such file or directory
make: *** [libft.a] Error 1

Grade: 0

= ex01 =========================================================================
Nothing turned in
Grade: 0

= ex02 =========================================================================
Nothing turned in
Grade: 0

= ex03 =========================================================================
Nothing turned in
Grade: 0

= ex04 =========================================================================
Nothing turned in
Grade: 0

= ex05 =========================================================================
Nothing turned in
Grade: 0

= ex06 =========================================================================
Nothing turned in
Grade: 0

= ex07 =========================================================================
Nothing turned in
Grade: 0

= ex08 =========================================================================
Nothing turned in
Grade: 0

= ex09 =========================================================================
Nothing turned in
Grade: 0

= Final grade : 0 ==============================================================
