= Host information =============================================================
$> hostname; uname -msr
e1r1p6.42.fr
Darwin 13.0.0 x86_64

$> date
Mon Sep  8 15:30:47 CEST 2014

$> gcc --version
gcc (GCC) 4.9.0 20131215 (experimental)
Copyright (C) 2013 Free Software Foundation, Inc.
This is free software; see the source for copying conditions.  There is NO
warranty; not even for MERCHANTABILITY or FITNESS FOR A PARTICULAR PURPOSE.

$> clang --version
Apple LLVM version 5.0 (clang-500.2.79) (based on LLVM 3.3svn)
Target: x86_64-apple-darwin13.0.0
Thread model: posix

= ex00 =========================================================================
Nothing turned in
Grade: 0

= ex01 =========================================================================
Nothing turned in
Grade: 0

= ex02 =========================================================================
Nothing turned in
Grade: 0

= ex03 =========================================================================
Nothing turned in
Grade: 0

= ex04 =========================================================================
Nothing turned in
Grade: 0

= ex05 =========================================================================
Nothing turned in
Grade: 0

= Final grade : 0 ==============================================================
